<?xml version="1.0" encoding="UTF-8"?>
<!-- Generated by org.testng.reporters.JUnitReportReporter -->
<testsuite hostname="Prasath17" failures="0" tests="3" name="prasath.Testcase.SubmitOrderTest" time="16.801" errors="0" timestamp="15 Jul 2024 10:34:36 GMT" skipped="0">
  <testcase classname="prasath.Testcase.SubmitOrderTest" name="submitOrder" time="5.827"/>
  <testcase classname="prasath.Testcase.SubmitOrderTest" name="OrderHistoryTest" time="4.273"/>
  <testcase classname="prasath.Testcase.SubmitOrderTest" name="submitOrder" time="6.701"/>
</testsuite> <!-- prasath.Testcase.SubmitOrderTest -->
