<?xml version="1.0" encoding="UTF-8"?>
<!-- Generated by org.testng.reporters.JUnitReportReporter -->
<testsuite hostname="Prasath17" failures="0" tests="2" name="prasath.Testcase.ErrorValidationsTest" time="10.725" errors="0" timestamp="15 Jul 2024 10:34:36 GMT" skipped="0">
  <testcase classname="prasath.Testcase.ErrorValidationsTest" name="LoginErrorValidation" time="4.581"/>
  <testcase classname="prasath.Testcase.ErrorValidationsTest" name="ProductErrorValidation" time="6.144"/>
</testsuite> <!-- prasath.Testcase.ErrorValidationsTest -->
