<?xml version="1.0" encoding="UTF-8"?>
<!-- Generated by org.testng.reporters.JUnitReportReporter -->
<testsuite hostname="Prasath17" failures="0" tests="1" name="prasath.cucumber.TestNGTestRunner" time="9.502" errors="0" timestamp="15 Jul 2024 13:36:17 GMT" skipped="0">
  <testcase classname="prasath.cucumber.TestNGTestRunner" name="runScenario" time="9.502"/>
</testsuite> <!-- prasath.cucumber.TestNGTestRunner -->
