<?xml version="1.0" encoding="UTF-8"?>
<!-- Generated by org.testng.reporters.JUnitReportReporter -->
<testsuite hostname="Prasath17" failures="0" tests="4" name="prasath.Testcase.Test_Excel" time="18.936" errors="0" timestamp="16 Jul 2024 03:06:40 GMT" skipped="0">
  <testcase classname="prasath.Testcase.Test_Excel" name="LoginErrorValidation" time="6.878"/>
  <testcase classname="prasath.Testcase.Test_Excel" name="LoginErrorValidation" time="4.288"/>
  <testcase classname="prasath.Testcase.Test_Excel" name="LoginErrorValidation" time="3.785"/>
  <testcase classname="prasath.Testcase.Test_Excel" name="LoginErrorValidation" time="3.985"/>
</testsuite> <!-- prasath.Testcase.Test_Excel -->
